<?xml version="1.0" encoding="UTF-8"?>
<!-- Generated by org.testng.reporters.JUnitXMLReporter -->
<testsuite ignored="2" hostname="DESKTOP-Q3KIBVF" failures="0" tests="3" name="Test" time="46.6" errors="0" timestamp="2024-12-25T09:37:30 IST">
  <testcase classname="TestCases.verifyragistration" name="verifyragistrationpage" time="5.509"/>
  <testcase classname="TestCases.verifyragistration" name="verifyregestrationblankdetails" time="3.723"/>
  <testcase classname="TestCases.verifylogin" name="loginwithvaliddata" time="3.504"/>
  <testcase classname="Resourse.BaseClass" name="@BeforeSuite setupReport" time="0.0">
    <ignored/>
  </testcase> <!-- @BeforeSuite setupReport -->
  <testcase classname="Resourse.BaseClass" name="@AfterSuite endReporttest" time="0.0">
    <ignored/>
  </testcase> <!-- @AfterSuite endReporttest -->
</testsuite> <!-- Test -->
